<?xml version="1.0" encoding="UTF-8"?>
<testng-results skipped="16" failed="0" ignored="0" total="32" passed="16">
  <reporter-output>
  </reporter-output>
  <suite name="Suite" duration-ms="927972" started-at="2020-04-21T23:58:18Z" finished-at="2020-04-22T00:13:46Z">
    <groups>
    </groups>
    <test name="CoronaUpdateAndTelevisitLinkTest" duration-ms="72111" started-at="2020-04-21T23:58:18Z" finished-at="2020-04-21T23:59:30Z">
      <class name="com.stonerisehealthcare.testcases.CoronaUpdateAndTelevisitLinkTest">
        <test-method status="PASS" signature="initialize()[pri:0, instance:com.stonerisehealthcare.testcases.CoronaUpdateAndTelevisitLinkTest@2096442d]" name="initialize" is-config="true" duration-ms="12" started-at="2020-04-22T09:58:18Z" finished-at="2020-04-22T09:58:18Z">
          <reporter-output>
          </reporter-output>
        </test-method> <!-- initialize -->
        <test-method status="PASS" signature="initTest()[pri:0, instance:com.stonerisehealthcare.testcases.CoronaUpdateAndTelevisitLinkTest@2096442d]" name="initTest" is-config="true" duration-ms="184" started-at="2020-04-22T09:58:18Z" finished-at="2020-04-22T09:58:19Z">
          <reporter-output>
          </reporter-output>
        </test-method> <!-- initTest -->
        <test-method status="PASS" signature="coronatelevisitlink(java.util.Hashtable)[pri:0, instance:com.stonerisehealthcare.testcases.CoronaUpdateAndTelevisitLinkTest@2096442d]" name="coronatelevisitlink" duration-ms="35183" started-at="2020-04-22T09:58:19Z" data-provider="getData" finished-at="2020-04-22T09:58:54Z">
          <params>
            <param index="0">
              <value>
                <![CDATA[{Runmode=Y, Browser=chrome}]]>
              </value>
            </param>
          </params>
          <reporter-output>
          </reporter-output>
        </test-method> <!-- coronatelevisitlink -->
        <test-method status="PASS" signature="quit()[pri:0, instance:com.stonerisehealthcare.testcases.CoronaUpdateAndTelevisitLinkTest@2096442d]" name="quit" is-config="true" duration-ms="1200" started-at="2020-04-22T09:58:54Z" finished-at="2020-04-22T09:58:55Z">
          <reporter-output>
          </reporter-output>
        </test-method> <!-- quit -->
        <test-method status="PASS" signature="initTest()[pri:0, instance:com.stonerisehealthcare.testcases.CoronaUpdateAndTelevisitLinkTest@2096442d]" name="initTest" is-config="true" duration-ms="1" started-at="2020-04-22T09:58:55Z" finished-at="2020-04-22T09:58:55Z">
          <reporter-output>
          </reporter-output>
        </test-method> <!-- initTest -->
        <test-method status="PASS" signature="coronatelevisitlink(java.util.Hashtable)[pri:0, instance:com.stonerisehealthcare.testcases.CoronaUpdateAndTelevisitLinkTest@2096442d]" name="coronatelevisitlink" duration-ms="32958" started-at="2020-04-22T09:58:55Z" data-provider="getData" finished-at="2020-04-22T09:59:28Z">
          <params>
            <param index="0">
              <value>
                <![CDATA[{Runmode=Y, Browser=firefox}]]>
              </value>
            </param>
          </params>
          <reporter-output>
          </reporter-output>
        </test-method> <!-- coronatelevisitlink -->
        <test-method status="PASS" signature="quit()[pri:0, instance:com.stonerisehealthcare.testcases.CoronaUpdateAndTelevisitLinkTest@2096442d]" name="quit" is-config="true" duration-ms="1747" started-at="2020-04-22T09:59:28Z" finished-at="2020-04-22T09:59:30Z">
          <reporter-output>
          </reporter-output>
        </test-method> <!-- quit -->
        <test-method status="PASS" signature="initTest()[pri:0, instance:com.stonerisehealthcare.testcases.CoronaUpdateAndTelevisitLinkTest@2096442d]" name="initTest" is-config="true" duration-ms="1" started-at="2020-04-22T09:59:30Z" finished-at="2020-04-22T09:59:30Z">
          <reporter-output>
          </reporter-output>
        </test-method> <!-- initTest -->
        <test-method status="SKIP" signature="coronatelevisitlink(java.util.Hashtable)[pri:0, instance:com.stonerisehealthcare.testcases.CoronaUpdateAndTelevisitLinkTest@2096442d]" name="coronatelevisitlink" duration-ms="1" started-at="2020-04-22T09:59:30Z" data-provider="getData" finished-at="2020-04-22T09:59:30Z">
          <params>
            <param index="0">
              <value>
                <![CDATA[{Runmode=N, Browser=ie}]]>
              </value>
            </param>
          </params>
          <exception class="org.testng.SkipException">
            <message>
              <![CDATA[Test skipped since rumode is N]]>
            </message>
            <full-stacktrace>
              <![CDATA[org.testng.SkipException: Test skipped since rumode is N
	at com.stonerisehealthcare.testcases.CoronaUpdateAndTelevisitLinkTest.coronatelevisitlink(CoronaUpdateAndTelevisitLinkTest.java:28)
	at sun.reflect.NativeMethodAccessorImpl.invoke0(Native Method)
	at sun.reflect.NativeMethodAccessorImpl.invoke(NativeMethodAccessorImpl.java:62)
	at sun.reflect.DelegatingMethodAccessorImpl.invoke(DelegatingMethodAccessorImpl.java:43)
	at java.lang.reflect.Method.invoke(Method.java:483)
	at org.testng.internal.MethodInvocationHelper.invokeMethod(MethodInvocationHelper.java:104)
	at org.testng.internal.Invoker.invokeMethod(Invoker.java:645)
	at org.testng.internal.Invoker.invokeTestMethod(Invoker.java:851)
	at org.testng.internal.Invoker.invokeTestMethods(Invoker.java:1177)
	at org.testng.internal.TestMethodWorker.invokeTestMethods(TestMethodWorker.java:129)
	at org.testng.internal.TestMethodWorker.run(TestMethodWorker.java:112)
	at org.testng.TestRunner.privateRun(TestRunner.java:756)
	at org.testng.TestRunner.run(TestRunner.java:610)
	at org.testng.SuiteRunner.runTest(SuiteRunner.java:387)
	at org.testng.SuiteRunner.runSequentially(SuiteRunner.java:382)
	at org.testng.SuiteRunner.privateRun(SuiteRunner.java:340)
	at org.testng.SuiteRunner.run(SuiteRunner.java:289)
	at org.testng.SuiteRunnerWorker.runSuite(SuiteRunnerWorker.java:52)
	at org.testng.SuiteRunnerWorker.run(SuiteRunnerWorker.java:86)
	at org.testng.TestNG.runSuitesSequentially(TestNG.java:1293)
	at org.testng.TestNG.runSuitesLocally(TestNG.java:1218)
	at org.testng.TestNG.runSuites(TestNG.java:1133)
	at org.testng.TestNG.run(TestNG.java:1104)
	at org.apache.maven.surefire.testng.TestNGExecutor.run(TestNGExecutor.java:283)
	at org.apache.maven.surefire.testng.TestNGXmlTestSuite.execute(TestNGXmlTestSuite.java:75)
	at org.apache.maven.surefire.testng.TestNGProvider.invoke(TestNGProvider.java:120)
	at org.apache.maven.surefire.booter.ForkedBooter.invokeProviderInSameClassLoader(ForkedBooter.java:384)
	at org.apache.maven.surefire.booter.ForkedBooter.runSuitesInProcess(ForkedBooter.java:345)
	at org.apache.maven.surefire.booter.ForkedBooter.execute(ForkedBooter.java:126)
	at org.apache.maven.surefire.booter.ForkedBooter.main(ForkedBooter.java:418)
]]>
            </full-stacktrace>
          </exception> <!-- org.testng.SkipException -->
          <reporter-output>
          </reporter-output>
        </test-method> <!-- coronatelevisitlink -->
        <test-method status="PASS" signature="quit()[pri:0, instance:com.stonerisehealthcare.testcases.CoronaUpdateAndTelevisitLinkTest@2096442d]" name="quit" is-config="true" duration-ms="67" started-at="2020-04-22T09:59:30Z" finished-at="2020-04-22T09:59:30Z">
          <reporter-output>
          </reporter-output>
        </test-method> <!-- quit -->
        <test-method status="PASS" signature="initTest()[pri:0, instance:com.stonerisehealthcare.testcases.CoronaUpdateAndTelevisitLinkTest@2096442d]" name="initTest" is-config="true" duration-ms="0" started-at="2020-04-22T09:59:30Z" finished-at="2020-04-22T09:59:30Z">
          <reporter-output>
          </reporter-output>
        </test-method> <!-- initTest -->
        <test-method status="SKIP" signature="coronatelevisitlink(java.util.Hashtable)[pri:0, instance:com.stonerisehealthcare.testcases.CoronaUpdateAndTelevisitLinkTest@2096442d]" name="coronatelevisitlink" duration-ms="1" started-at="2020-04-22T09:59:30Z" data-provider="getData" finished-at="2020-04-22T09:59:30Z">
          <params>
            <param index="0">
              <value>
                <![CDATA[{Runmode=N, Browser=Edge}]]>
              </value>
            </param>
          </params>
          <exception class="org.testng.SkipException">
            <message>
              <![CDATA[Test skipped since rumode is N]]>
            </message>
            <full-stacktrace>
              <![CDATA[org.testng.SkipException: Test skipped since rumode is N
	at com.stonerisehealthcare.testcases.CoronaUpdateAndTelevisitLinkTest.coronatelevisitlink(CoronaUpdateAndTelevisitLinkTest.java:28)
	at sun.reflect.NativeMethodAccessorImpl.invoke0(Native Method)
	at sun.reflect.NativeMethodAccessorImpl.invoke(NativeMethodAccessorImpl.java:62)
	at sun.reflect.DelegatingMethodAccessorImpl.invoke(DelegatingMethodAccessorImpl.java:43)
	at java.lang.reflect.Method.invoke(Method.java:483)
	at org.testng.internal.MethodInvocationHelper.invokeMethod(MethodInvocationHelper.java:104)
	at org.testng.internal.Invoker.invokeMethod(Invoker.java:645)
	at org.testng.internal.Invoker.invokeTestMethod(Invoker.java:851)
	at org.testng.internal.Invoker.invokeTestMethods(Invoker.java:1177)
	at org.testng.internal.TestMethodWorker.invokeTestMethods(TestMethodWorker.java:129)
	at org.testng.internal.TestMethodWorker.run(TestMethodWorker.java:112)
	at org.testng.TestRunner.privateRun(TestRunner.java:756)
	at org.testng.TestRunner.run(TestRunner.java:610)
	at org.testng.SuiteRunner.runTest(SuiteRunner.java:387)
	at org.testng.SuiteRunner.runSequentially(SuiteRunner.java:382)
	at org.testng.SuiteRunner.privateRun(SuiteRunner.java:340)
	at org.testng.SuiteRunner.run(SuiteRunner.java:289)
	at org.testng.SuiteRunnerWorker.runSuite(SuiteRunnerWorker.java:52)
	at org.testng.SuiteRunnerWorker.run(SuiteRunnerWorker.java:86)
	at org.testng.TestNG.runSuitesSequentially(TestNG.java:1293)
	at org.testng.TestNG.runSuitesLocally(TestNG.java:1218)
	at org.testng.TestNG.runSuites(TestNG.java:1133)
	at org.testng.TestNG.run(TestNG.java:1104)
	at org.apache.maven.surefire.testng.TestNGExecutor.run(TestNGExecutor.java:283)
	at org.apache.maven.surefire.testng.TestNGXmlTestSuite.execute(TestNGXmlTestSuite.java:75)
	at org.apache.maven.surefire.testng.TestNGProvider.invoke(TestNGProvider.java:120)
	at org.apache.maven.surefire.booter.ForkedBooter.invokeProviderInSameClassLoader(ForkedBooter.java:384)
	at org.apache.maven.surefire.booter.ForkedBooter.runSuitesInProcess(ForkedBooter.java:345)
	at org.apache.maven.surefire.booter.ForkedBooter.execute(ForkedBooter.java:126)
	at org.apache.maven.surefire.booter.ForkedBooter.main(ForkedBooter.java:418)
]]>
            </full-stacktrace>
          </exception> <!-- org.testng.SkipException -->
          <reporter-output>
          </reporter-output>
        </test-method> <!-- coronatelevisitlink -->
        <test-method status="PASS" signature="quit()[pri:0, instance:com.stonerisehealthcare.testcases.CoronaUpdateAndTelevisitLinkTest@2096442d]" name="quit" is-config="true" duration-ms="67" started-at="2020-04-22T09:59:30Z" finished-at="2020-04-22T09:59:30Z">
          <reporter-output>
          </reporter-output>
        </test-method> <!-- quit -->
      </class> <!-- com.stonerisehealthcare.testcases.CoronaUpdateAndTelevisitLinkTest -->
    </test> <!-- CoronaUpdateAndTelevisitLinkTest -->
    <test name="SkilledNursingCentersLinksTest" duration-ms="338855" started-at="2020-04-21T23:59:30Z" finished-at="2020-04-22T00:05:09Z">
      <class name="com.stonerisehealthcare.testcases.SkilledNursingCentersLinksTest">
        <test-method status="PASS" signature="initialize()[pri:0, instance:com.stonerisehealthcare.testcases.SkilledNursingCentersLinksTest@2344fc66]" name="initialize" is-config="true" duration-ms="0" started-at="2020-04-22T09:59:30Z" finished-at="2020-04-22T09:59:30Z">
          <reporter-output>
          </reporter-output>
        </test-method> <!-- initialize -->
        <test-method status="PASS" signature="initTest()[pri:0, instance:com.stonerisehealthcare.testcases.SkilledNursingCentersLinksTest@2344fc66]" name="initTest" is-config="true" duration-ms="0" started-at="2020-04-22T09:59:30Z" finished-at="2020-04-22T09:59:30Z">
          <reporter-output>
          </reporter-output>
        </test-method> <!-- initTest -->
        <test-method status="PASS" signature="nursingcentreslinks(java.util.Hashtable)[pri:0, instance:com.stonerisehealthcare.testcases.SkilledNursingCentersLinksTest@2344fc66]" name="nursingcentreslinks" duration-ms="176638" started-at="2020-04-22T09:59:30Z" data-provider="getData" finished-at="2020-04-22T10:02:26Z">
          <params>
            <param index="0">
              <value>
                <![CDATA[{Runmode=Y, Browser=chrome}]]>
              </value>
            </param>
          </params>
          <reporter-output>
          </reporter-output>
        </test-method> <!-- nursingcentreslinks -->
        <test-method status="PASS" signature="quit()[pri:0, instance:com.stonerisehealthcare.testcases.SkilledNursingCentersLinksTest@2344fc66]" name="quit" is-config="true" duration-ms="979" started-at="2020-04-22T10:02:26Z" finished-at="2020-04-22T10:02:27Z">
          <reporter-output>
          </reporter-output>
        </test-method> <!-- quit -->
        <test-method status="PASS" signature="initTest()[pri:0, instance:com.stonerisehealthcare.testcases.SkilledNursingCentersLinksTest@2344fc66]" name="initTest" is-config="true" duration-ms="0" started-at="2020-04-22T10:02:27Z" finished-at="2020-04-22T10:02:27Z">
          <reporter-output>
          </reporter-output>
        </test-method> <!-- initTest -->
        <test-method status="PASS" signature="nursingcentreslinks(java.util.Hashtable)[pri:0, instance:com.stonerisehealthcare.testcases.SkilledNursingCentersLinksTest@2344fc66]" name="nursingcentreslinks" duration-ms="159399" started-at="2020-04-22T10:02:27Z" data-provider="getData" finished-at="2020-04-22T10:05:07Z">
          <params>
            <param index="0">
              <value>
                <![CDATA[{Runmode=Y, Browser=firefox}]]>
              </value>
            </param>
          </params>
          <reporter-output>
          </reporter-output>
        </test-method> <!-- nursingcentreslinks -->
        <test-method status="PASS" signature="quit()[pri:0, instance:com.stonerisehealthcare.testcases.SkilledNursingCentersLinksTest@2344fc66]" name="quit" is-config="true" duration-ms="1632" started-at="2020-04-22T10:05:07Z" finished-at="2020-04-22T10:05:08Z">
          <reporter-output>
          </reporter-output>
        </test-method> <!-- quit -->
        <test-method status="SKIP" signature="nursingcentreslinks(java.util.Hashtable)[pri:0, instance:com.stonerisehealthcare.testcases.SkilledNursingCentersLinksTest@2344fc66]" name="nursingcentreslinks" duration-ms="4" started-at="2020-04-22T10:05:08Z" data-provider="getData" finished-at="2020-04-22T10:05:08Z">
          <params>
            <param index="0">
              <value>
                <![CDATA[{Runmode=N, Browser=ie}]]>
              </value>
            </param>
          </params>
          <exception class="org.testng.SkipException">
            <message>
              <![CDATA[Test skipped since rumode is N]]>
            </message>
            <full-stacktrace>
              <![CDATA[org.testng.SkipException: Test skipped since rumode is N
	at com.stonerisehealthcare.testcases.SkilledNursingCentersLinksTest.nursingcentreslinks(SkilledNursingCentersLinksTest.java:27)
	at sun.reflect.NativeMethodAccessorImpl.invoke0(Native Method)
	at sun.reflect.NativeMethodAccessorImpl.invoke(NativeMethodAccessorImpl.java:62)
	at sun.reflect.DelegatingMethodAccessorImpl.invoke(DelegatingMethodAccessorImpl.java:43)
	at java.lang.reflect.Method.invoke(Method.java:483)
	at org.testng.internal.MethodInvocationHelper.invokeMethod(MethodInvocationHelper.java:104)
	at org.testng.internal.Invoker.invokeMethod(Invoker.java:645)
	at org.testng.internal.Invoker.invokeTestMethod(Invoker.java:851)
	at org.testng.internal.Invoker.invokeTestMethods(Invoker.java:1177)
	at org.testng.internal.TestMethodWorker.invokeTestMethods(TestMethodWorker.java:129)
	at org.testng.internal.TestMethodWorker.run(TestMethodWorker.java:112)
	at org.testng.TestRunner.privateRun(TestRunner.java:756)
	at org.testng.TestRunner.run(TestRunner.java:610)
	at org.testng.SuiteRunner.runTest(SuiteRunner.java:387)
	at org.testng.SuiteRunner.runSequentially(SuiteRunner.java:382)
	at org.testng.SuiteRunner.privateRun(SuiteRunner.java:340)
	at org.testng.SuiteRunner.run(SuiteRunner.java:289)
	at org.testng.SuiteRunnerWorker.runSuite(SuiteRunnerWorker.java:52)
	at org.testng.SuiteRunnerWorker.run(SuiteRunnerWorker.java:86)
	at org.testng.TestNG.runSuitesSequentially(TestNG.java:1293)
	at org.testng.TestNG.runSuitesLocally(TestNG.java:1218)
	at org.testng.TestNG.runSuites(TestNG.java:1133)
	at org.testng.TestNG.run(TestNG.java:1104)
	at org.apache.maven.surefire.testng.TestNGExecutor.run(TestNGExecutor.java:283)
	at org.apache.maven.surefire.testng.TestNGXmlTestSuite.execute(TestNGXmlTestSuite.java:75)
	at org.apache.maven.surefire.testng.TestNGProvider.invoke(TestNGProvider.java:120)
	at org.apache.maven.surefire.booter.ForkedBooter.invokeProviderInSameClassLoader(ForkedBooter.java:384)
	at org.apache.maven.surefire.booter.ForkedBooter.runSuitesInProcess(ForkedBooter.java:345)
	at org.apache.maven.surefire.booter.ForkedBooter.execute(ForkedBooter.java:126)
	at org.apache.maven.surefire.booter.ForkedBooter.main(ForkedBooter.java:418)
]]>
            </full-stacktrace>
          </exception> <!-- org.testng.SkipException -->
          <reporter-output>
          </reporter-output>
        </test-method> <!-- nursingcentreslinks -->
        <test-method status="PASS" signature="initTest()[pri:0, instance:com.stonerisehealthcare.testcases.SkilledNursingCentersLinksTest@2344fc66]" name="initTest" is-config="true" duration-ms="0" started-at="2020-04-22T10:05:08Z" finished-at="2020-04-22T10:05:08Z">
          <reporter-output>
          </reporter-output>
        </test-method> <!-- initTest -->
        <test-method status="PASS" signature="quit()[pri:0, instance:com.stonerisehealthcare.testcases.SkilledNursingCentersLinksTest@2344fc66]" name="quit" is-config="true" duration-ms="56" started-at="2020-04-22T10:05:08Z" finished-at="2020-04-22T10:05:09Z">
          <reporter-output>
          </reporter-output>
        </test-method> <!-- quit -->
        <test-method status="SKIP" signature="nursingcentreslinks(java.util.Hashtable)[pri:0, instance:com.stonerisehealthcare.testcases.SkilledNursingCentersLinksTest@2344fc66]" name="nursingcentreslinks" duration-ms="2" started-at="2020-04-22T10:05:09Z" data-provider="getData" finished-at="2020-04-22T10:05:09Z">
          <params>
            <param index="0">
              <value>
                <![CDATA[{Runmode=N, Browser=Edge}]]>
              </value>
            </param>
          </params>
          <exception class="org.testng.SkipException">
            <message>
              <![CDATA[Test skipped since rumode is N]]>
            </message>
            <full-stacktrace>
              <![CDATA[org.testng.SkipException: Test skipped since rumode is N
	at com.stonerisehealthcare.testcases.SkilledNursingCentersLinksTest.nursingcentreslinks(SkilledNursingCentersLinksTest.java:27)
	at sun.reflect.NativeMethodAccessorImpl.invoke0(Native Method)
	at sun.reflect.NativeMethodAccessorImpl.invoke(NativeMethodAccessorImpl.java:62)
	at sun.reflect.DelegatingMethodAccessorImpl.invoke(DelegatingMethodAccessorImpl.java:43)
	at java.lang.reflect.Method.invoke(Method.java:483)
	at org.testng.internal.MethodInvocationHelper.invokeMethod(MethodInvocationHelper.java:104)
	at org.testng.internal.Invoker.invokeMethod(Invoker.java:645)
	at org.testng.internal.Invoker.invokeTestMethod(Invoker.java:851)
	at org.testng.internal.Invoker.invokeTestMethods(Invoker.java:1177)
	at org.testng.internal.TestMethodWorker.invokeTestMethods(TestMethodWorker.java:129)
	at org.testng.internal.TestMethodWorker.run(TestMethodWorker.java:112)
	at org.testng.TestRunner.privateRun(TestRunner.java:756)
	at org.testng.TestRunner.run(TestRunner.java:610)
	at org.testng.SuiteRunner.runTest(SuiteRunner.java:387)
	at org.testng.SuiteRunner.runSequentially(SuiteRunner.java:382)
	at org.testng.SuiteRunner.privateRun(SuiteRunner.java:340)
	at org.testng.SuiteRunner.run(SuiteRunner.java:289)
	at org.testng.SuiteRunnerWorker.runSuite(SuiteRunnerWorker.java:52)
	at org.testng.SuiteRunnerWorker.run(SuiteRunnerWorker.java:86)
	at org.testng.TestNG.runSuitesSequentially(TestNG.java:1293)
	at org.testng.TestNG.runSuitesLocally(TestNG.java:1218)
	at org.testng.TestNG.runSuites(TestNG.java:1133)
	at org.testng.TestNG.run(TestNG.java:1104)
	at org.apache.maven.surefire.testng.TestNGExecutor.run(TestNGExecutor.java:283)
	at org.apache.maven.surefire.testng.TestNGXmlTestSuite.execute(TestNGXmlTestSuite.java:75)
	at org.apache.maven.surefire.testng.TestNGProvider.invoke(TestNGProvider.java:120)
	at org.apache.maven.surefire.booter.ForkedBooter.invokeProviderInSameClassLoader(ForkedBooter.java:384)
	at org.apache.maven.surefire.booter.ForkedBooter.runSuitesInProcess(ForkedBooter.java:345)
	at org.apache.maven.surefire.booter.ForkedBooter.execute(ForkedBooter.java:126)
	at org.apache.maven.surefire.booter.ForkedBooter.main(ForkedBooter.java:418)
]]>
            </full-stacktrace>
          </exception> <!-- org.testng.SkipException -->
          <reporter-output>
          </reporter-output>
        </test-method> <!-- nursingcentreslinks -->
        <test-method status="PASS" signature="initTest()[pri:0, instance:com.stonerisehealthcare.testcases.SkilledNursingCentersLinksTest@2344fc66]" name="initTest" is-config="true" duration-ms="0" started-at="2020-04-22T10:05:09Z" finished-at="2020-04-22T10:05:09Z">
          <reporter-output>
          </reporter-output>
        </test-method> <!-- initTest -->
        <test-method status="PASS" signature="quit()[pri:0, instance:com.stonerisehealthcare.testcases.SkilledNursingCentersLinksTest@2344fc66]" name="quit" is-config="true" duration-ms="73" started-at="2020-04-22T10:05:09Z" finished-at="2020-04-22T10:05:09Z">
          <reporter-output>
          </reporter-output>
        </test-method> <!-- quit -->
      </class> <!-- com.stonerisehealthcare.testcases.SkilledNursingCentersLinksTest -->
    </test> <!-- SkilledNursingCentersLinksTest -->
    <test name="CareersLinkTest" duration-ms="46027" started-at="2020-04-22T00:05:09Z" finished-at="2020-04-22T00:05:55Z">
      <class name="com.stonerisehealthcare.testcases.Careers">
        <test-method status="PASS" signature="initialize()[pri:0, instance:com.stonerisehealthcare.testcases.Careers@66d2e7d9]" name="initialize" is-config="true" duration-ms="11" started-at="2020-04-22T10:05:09Z" finished-at="2020-04-22T10:05:09Z">
          <reporter-output>
          </reporter-output>
        </test-method> <!-- initialize -->
        <test-method status="PASS" signature="initTest()[pri:0, instance:com.stonerisehealthcare.testcases.Careers@66d2e7d9]" name="initTest" is-config="true" duration-ms="0" started-at="2020-04-22T10:05:09Z" finished-at="2020-04-22T10:05:09Z">
          <reporter-output>
          </reporter-output>
        </test-method> <!-- initTest -->
        <test-method status="PASS" signature="careerslink(java.util.Hashtable)[pri:0, instance:com.stonerisehealthcare.testcases.Careers@66d2e7d9]" name="careerslink" duration-ms="23729" started-at="2020-04-22T10:05:09Z" data-provider="getData" finished-at="2020-04-22T10:05:32Z">
          <params>
            <param index="0">
              <value>
                <![CDATA[{Zipcode=37214, Runmode=Y, JobTitle=Activity Aide, Browser=chrome}]]>
              </value>
            </param>
          </params>
          <reporter-output>
          </reporter-output>
        </test-method> <!-- careerslink -->
        <test-method status="PASS" signature="quit()[pri:0, instance:com.stonerisehealthcare.testcases.Careers@66d2e7d9]" name="quit" is-config="true" duration-ms="838" started-at="2020-04-22T10:05:32Z" finished-at="2020-04-22T10:05:33Z">
          <reporter-output>
          </reporter-output>
        </test-method> <!-- quit -->
        <test-method status="PASS" signature="initTest()[pri:0, instance:com.stonerisehealthcare.testcases.Careers@66d2e7d9]" name="initTest" is-config="true" duration-ms="0" started-at="2020-04-22T10:05:33Z" finished-at="2020-04-22T10:05:33Z">
          <reporter-output>
          </reporter-output>
        </test-method> <!-- initTest -->
        <test-method status="PASS" signature="careerslink(java.util.Hashtable)[pri:0, instance:com.stonerisehealthcare.testcases.Careers@66d2e7d9]" name="careerslink" duration-ms="19968" started-at="2020-04-22T10:05:33Z" data-provider="getData" finished-at="2020-04-22T10:05:53Z">
          <params>
            <param index="0">
              <value>
                <![CDATA[{Zipcode=37214, Runmode=Y, JobTitle=Center Nurse Practitioner, Browser=firefox}]]>
              </value>
            </param>
          </params>
          <reporter-output>
          </reporter-output>
        </test-method> <!-- careerslink -->
        <test-method status="PASS" signature="quit()[pri:0, instance:com.stonerisehealthcare.testcases.Careers@66d2e7d9]" name="quit" is-config="true" duration-ms="1275" started-at="2020-04-22T10:05:53Z" finished-at="2020-04-22T10:05:55Z">
          <reporter-output>
          </reporter-output>
        </test-method> <!-- quit -->
        <test-method status="SKIP" signature="careerslink(java.util.Hashtable)[pri:0, instance:com.stonerisehealthcare.testcases.Careers@66d2e7d9]" name="careerslink" duration-ms="4" started-at="2020-04-22T10:05:55Z" data-provider="getData" finished-at="2020-04-22T10:05:55Z">
          <params>
            <param index="0">
              <value>
                <![CDATA[{Zipcode=37214, Runmode=N, JobTitle=Activity Aide, Browser=ie}]]>
              </value>
            </param>
          </params>
          <exception class="org.testng.SkipException">
            <message>
              <![CDATA[Test skipped since rumode is N]]>
            </message>
            <full-stacktrace>
              <![CDATA[org.testng.SkipException: Test skipped since rumode is N
	at com.stonerisehealthcare.testcases.Careers.careerslink(Careers.java:28)
	at sun.reflect.NativeMethodAccessorImpl.invoke0(Native Method)
	at sun.reflect.NativeMethodAccessorImpl.invoke(NativeMethodAccessorImpl.java:62)
	at sun.reflect.DelegatingMethodAccessorImpl.invoke(DelegatingMethodAccessorImpl.java:43)
	at java.lang.reflect.Method.invoke(Method.java:483)
	at org.testng.internal.MethodInvocationHelper.invokeMethod(MethodInvocationHelper.java:104)
	at org.testng.internal.Invoker.invokeMethod(Invoker.java:645)
	at org.testng.internal.Invoker.invokeTestMethod(Invoker.java:851)
	at org.testng.internal.Invoker.invokeTestMethods(Invoker.java:1177)
	at org.testng.internal.TestMethodWorker.invokeTestMethods(TestMethodWorker.java:129)
	at org.testng.internal.TestMethodWorker.run(TestMethodWorker.java:112)
	at org.testng.TestRunner.privateRun(TestRunner.java:756)
	at org.testng.TestRunner.run(TestRunner.java:610)
	at org.testng.SuiteRunner.runTest(SuiteRunner.java:387)
	at org.testng.SuiteRunner.runSequentially(SuiteRunner.java:382)
	at org.testng.SuiteRunner.privateRun(SuiteRunner.java:340)
	at org.testng.SuiteRunner.run(SuiteRunner.java:289)
	at org.testng.SuiteRunnerWorker.runSuite(SuiteRunnerWorker.java:52)
	at org.testng.SuiteRunnerWorker.run(SuiteRunnerWorker.java:86)
	at org.testng.TestNG.runSuitesSequentially(TestNG.java:1293)
	at org.testng.TestNG.runSuitesLocally(TestNG.java:1218)
	at org.testng.TestNG.runSuites(TestNG.java:1133)
	at org.testng.TestNG.run(TestNG.java:1104)
	at org.apache.maven.surefire.testng.TestNGExecutor.run(TestNGExecutor.java:283)
	at org.apache.maven.surefire.testng.TestNGXmlTestSuite.execute(TestNGXmlTestSuite.java:75)
	at org.apache.maven.surefire.testng.TestNGProvider.invoke(TestNGProvider.java:120)
	at org.apache.maven.surefire.booter.ForkedBooter.invokeProviderInSameClassLoader(ForkedBooter.java:384)
	at org.apache.maven.surefire.booter.ForkedBooter.runSuitesInProcess(ForkedBooter.java:345)
	at org.apache.maven.surefire.booter.ForkedBooter.execute(ForkedBooter.java:126)
	at org.apache.maven.surefire.booter.ForkedBooter.main(ForkedBooter.java:418)
]]>
            </full-stacktrace>
          </exception> <!-- org.testng.SkipException -->
          <reporter-output>
          </reporter-output>
        </test-method> <!-- careerslink -->
        <test-method status="PASS" signature="initTest()[pri:0, instance:com.stonerisehealthcare.testcases.Careers@66d2e7d9]" name="initTest" is-config="true" duration-ms="0" started-at="2020-04-22T10:05:55Z" finished-at="2020-04-22T10:05:55Z">
          <reporter-output>
          </reporter-output>
        </test-method> <!-- initTest -->
        <test-method status="PASS" signature="quit()[pri:0, instance:com.stonerisehealthcare.testcases.Careers@66d2e7d9]" name="quit" is-config="true" duration-ms="76" started-at="2020-04-22T10:05:55Z" finished-at="2020-04-22T10:05:55Z">
          <reporter-output>
          </reporter-output>
        </test-method> <!-- quit -->
        <test-method status="SKIP" signature="careerslink(java.util.Hashtable)[pri:0, instance:com.stonerisehealthcare.testcases.Careers@66d2e7d9]" name="careerslink" duration-ms="0" started-at="2020-04-22T10:05:55Z" data-provider="getData" finished-at="2020-04-22T10:05:55Z">
          <params>
            <param index="0">
              <value>
                <![CDATA[{Zipcode=37214, Runmode=N, JobTitle=Center Nurse Practitioner, Browser=Edge}]]>
              </value>
            </param>
          </params>
          <exception class="org.testng.SkipException">
            <message>
              <![CDATA[Test skipped since rumode is N]]>
            </message>
            <full-stacktrace>
              <![CDATA[org.testng.SkipException: Test skipped since rumode is N
	at com.stonerisehealthcare.testcases.Careers.careerslink(Careers.java:28)
	at sun.reflect.NativeMethodAccessorImpl.invoke0(Native Method)
	at sun.reflect.NativeMethodAccessorImpl.invoke(NativeMethodAccessorImpl.java:62)
	at sun.reflect.DelegatingMethodAccessorImpl.invoke(DelegatingMethodAccessorImpl.java:43)
	at java.lang.reflect.Method.invoke(Method.java:483)
	at org.testng.internal.MethodInvocationHelper.invokeMethod(MethodInvocationHelper.java:104)
	at org.testng.internal.Invoker.invokeMethod(Invoker.java:645)
	at org.testng.internal.Invoker.invokeTestMethod(Invoker.java:851)
	at org.testng.internal.Invoker.invokeTestMethods(Invoker.java:1177)
	at org.testng.internal.TestMethodWorker.invokeTestMethods(TestMethodWorker.java:129)
	at org.testng.internal.TestMethodWorker.run(TestMethodWorker.java:112)
	at org.testng.TestRunner.privateRun(TestRunner.java:756)
	at org.testng.TestRunner.run(TestRunner.java:610)
	at org.testng.SuiteRunner.runTest(SuiteRunner.java:387)
	at org.testng.SuiteRunner.runSequentially(SuiteRunner.java:382)
	at org.testng.SuiteRunner.privateRun(SuiteRunner.java:340)
	at org.testng.SuiteRunner.run(SuiteRunner.java:289)
	at org.testng.SuiteRunnerWorker.runSuite(SuiteRunnerWorker.java:52)
	at org.testng.SuiteRunnerWorker.run(SuiteRunnerWorker.java:86)
	at org.testng.TestNG.runSuitesSequentially(TestNG.java:1293)
	at org.testng.TestNG.runSuitesLocally(TestNG.java:1218)
	at org.testng.TestNG.runSuites(TestNG.java:1133)
	at org.testng.TestNG.run(TestNG.java:1104)
	at org.apache.maven.surefire.testng.TestNGExecutor.run(TestNGExecutor.java:283)
	at org.apache.maven.surefire.testng.TestNGXmlTestSuite.execute(TestNGXmlTestSuite.java:75)
	at org.apache.maven.surefire.testng.TestNGProvider.invoke(TestNGProvider.java:120)
	at org.apache.maven.surefire.booter.ForkedBooter.invokeProviderInSameClassLoader(ForkedBooter.java:384)
	at org.apache.maven.surefire.booter.ForkedBooter.runSuitesInProcess(ForkedBooter.java:345)
	at org.apache.maven.surefire.booter.ForkedBooter.execute(ForkedBooter.java:126)
	at org.apache.maven.surefire.booter.ForkedBooter.main(ForkedBooter.java:418)
]]>
            </full-stacktrace>
          </exception> <!-- org.testng.SkipException -->
          <reporter-output>
          </reporter-output>
        </test-method> <!-- careerslink -->
        <test-method status="PASS" signature="initTest()[pri:0, instance:com.stonerisehealthcare.testcases.Careers@66d2e7d9]" name="initTest" is-config="true" duration-ms="0" started-at="2020-04-22T10:05:55Z" finished-at="2020-04-22T10:05:55Z">
          <reporter-output>
          </reporter-output>
        </test-method> <!-- initTest -->
        <test-method status="PASS" signature="quit()[pri:0, instance:com.stonerisehealthcare.testcases.Careers@66d2e7d9]" name="quit" is-config="true" duration-ms="57" started-at="2020-04-22T10:05:55Z" finished-at="2020-04-22T10:05:55Z">
          <reporter-output>
          </reporter-output>
        </test-method> <!-- quit -->
      </class> <!-- com.stonerisehealthcare.testcases.Careers -->
    </test> <!-- CareersLinkTest -->
    <test name="AboutUsLinkTest" duration-ms="30553" started-at="2020-04-22T00:05:55Z" finished-at="2020-04-22T00:06:25Z">
      <class name="com.stonerisehealthcare.testcases.AboutUs">
        <test-method status="PASS" signature="initialize()[pri:0, instance:com.stonerisehealthcare.testcases.AboutUs@402f32ff]" name="initialize" is-config="true" duration-ms="0" started-at="2020-04-22T10:05:55Z" finished-at="2020-04-22T10:05:55Z">
          <reporter-output>
          </reporter-output>
        </test-method> <!-- initialize -->
        <test-method status="PASS" signature="otherserviceslinks(java.util.Hashtable)[pri:0, instance:com.stonerisehealthcare.testcases.AboutUs@402f32ff]" name="otherserviceslinks" duration-ms="15548" started-at="2020-04-22T10:05:55Z" data-provider="getData" finished-at="2020-04-22T10:06:10Z">
          <params>
            <param index="0">
              <value>
                <![CDATA[{Runmode=Y, Browser=chrome}]]>
              </value>
            </param>
          </params>
          <reporter-output>
          </reporter-output>
        </test-method> <!-- otherserviceslinks -->
        <test-method status="PASS" signature="initTest()[pri:0, instance:com.stonerisehealthcare.testcases.AboutUs@402f32ff]" name="initTest" is-config="true" duration-ms="0" started-at="2020-04-22T10:05:55Z" finished-at="2020-04-22T10:05:55Z">
          <reporter-output>
          </reporter-output>
        </test-method> <!-- initTest -->
        <test-method status="PASS" signature="quit()[pri:0, instance:com.stonerisehealthcare.testcases.AboutUs@402f32ff]" name="quit" is-config="true" duration-ms="985" started-at="2020-04-22T10:06:10Z" finished-at="2020-04-22T10:06:11Z">
          <reporter-output>
          </reporter-output>
        </test-method> <!-- quit -->
        <test-method status="PASS" signature="otherserviceslinks(java.util.Hashtable)[pri:0, instance:com.stonerisehealthcare.testcases.AboutUs@402f32ff]" name="otherserviceslinks" duration-ms="12581" started-at="2020-04-22T10:06:11Z" data-provider="getData" finished-at="2020-04-22T10:06:24Z">
          <params>
            <param index="0">
              <value>
                <![CDATA[{Runmode=Y, Browser=firefox}]]>
              </value>
            </param>
          </params>
          <reporter-output>
          </reporter-output>
        </test-method> <!-- otherserviceslinks -->
        <test-method status="PASS" signature="initTest()[pri:0, instance:com.stonerisehealthcare.testcases.AboutUs@402f32ff]" name="initTest" is-config="true" duration-ms="0" started-at="2020-04-22T10:06:11Z" finished-at="2020-04-22T10:06:11Z">
          <reporter-output>
          </reporter-output>
        </test-method> <!-- initTest -->
        <test-method status="PASS" signature="quit()[pri:0, instance:com.stonerisehealthcare.testcases.AboutUs@402f32ff]" name="quit" is-config="true" duration-ms="1248" started-at="2020-04-22T10:06:24Z" finished-at="2020-04-22T10:06:25Z">
          <reporter-output>
          </reporter-output>
        </test-method> <!-- quit -->
        <test-method status="PASS" signature="initTest()[pri:0, instance:com.stonerisehealthcare.testcases.AboutUs@402f32ff]" name="initTest" is-config="true" duration-ms="0" started-at="2020-04-22T10:06:25Z" finished-at="2020-04-22T10:06:25Z">
          <reporter-output>
          </reporter-output>
        </test-method> <!-- initTest -->
        <test-method status="SKIP" signature="otherserviceslinks(java.util.Hashtable)[pri:0, instance:com.stonerisehealthcare.testcases.AboutUs@402f32ff]" name="otherserviceslinks" duration-ms="1" started-at="2020-04-22T10:06:25Z" data-provider="getData" finished-at="2020-04-22T10:06:25Z">
          <params>
            <param index="0">
              <value>
                <![CDATA[{Runmode=N, Browser=ie}]]>
              </value>
            </param>
          </params>
          <exception class="org.testng.SkipException">
            <message>
              <![CDATA[Test skipped since rumode is N]]>
            </message>
            <full-stacktrace>
              <![CDATA[org.testng.SkipException: Test skipped since rumode is N
	at com.stonerisehealthcare.testcases.AboutUs.otherserviceslinks(AboutUs.java:28)
	at sun.reflect.NativeMethodAccessorImpl.invoke0(Native Method)
	at sun.reflect.NativeMethodAccessorImpl.invoke(NativeMethodAccessorImpl.java:62)
	at sun.reflect.DelegatingMethodAccessorImpl.invoke(DelegatingMethodAccessorImpl.java:43)
	at java.lang.reflect.Method.invoke(Method.java:483)
	at org.testng.internal.MethodInvocationHelper.invokeMethod(MethodInvocationHelper.java:104)
	at org.testng.internal.Invoker.invokeMethod(Invoker.java:645)
	at org.testng.internal.Invoker.invokeTestMethod(Invoker.java:851)
	at org.testng.internal.Invoker.invokeTestMethods(Invoker.java:1177)
	at org.testng.internal.TestMethodWorker.invokeTestMethods(TestMethodWorker.java:129)
	at org.testng.internal.TestMethodWorker.run(TestMethodWorker.java:112)
	at org.testng.TestRunner.privateRun(TestRunner.java:756)
	at org.testng.TestRunner.run(TestRunner.java:610)
	at org.testng.SuiteRunner.runTest(SuiteRunner.java:387)
	at org.testng.SuiteRunner.runSequentially(SuiteRunner.java:382)
	at org.testng.SuiteRunner.privateRun(SuiteRunner.java:340)
	at org.testng.SuiteRunner.run(SuiteRunner.java:289)
	at org.testng.SuiteRunnerWorker.runSuite(SuiteRunnerWorker.java:52)
	at org.testng.SuiteRunnerWorker.run(SuiteRunnerWorker.java:86)
	at org.testng.TestNG.runSuitesSequentially(TestNG.java:1293)
	at org.testng.TestNG.runSuitesLocally(TestNG.java:1218)
	at org.testng.TestNG.runSuites(TestNG.java:1133)
	at org.testng.TestNG.run(TestNG.java:1104)
	at org.apache.maven.surefire.testng.TestNGExecutor.run(TestNGExecutor.java:283)
	at org.apache.maven.surefire.testng.TestNGXmlTestSuite.execute(TestNGXmlTestSuite.java:75)
	at org.apache.maven.surefire.testng.TestNGProvider.invoke(TestNGProvider.java:120)
	at org.apache.maven.surefire.booter.ForkedBooter.invokeProviderInSameClassLoader(ForkedBooter.java:384)
	at org.apache.maven.surefire.booter.ForkedBooter.runSuitesInProcess(ForkedBooter.java:345)
	at org.apache.maven.surefire.booter.ForkedBooter.execute(ForkedBooter.java:126)
	at org.apache.maven.surefire.booter.ForkedBooter.main(ForkedBooter.java:418)
]]>
            </full-stacktrace>
          </exception> <!-- org.testng.SkipException -->
          <reporter-output>
          </reporter-output>
        </test-method> <!-- otherserviceslinks -->
        <test-method status="PASS" signature="quit()[pri:0, instance:com.stonerisehealthcare.testcases.AboutUs@402f32ff]" name="quit" is-config="true" duration-ms="58" started-at="2020-04-22T10:06:25Z" finished-at="2020-04-22T10:06:25Z">
          <reporter-output>
          </reporter-output>
        </test-method> <!-- quit -->
        <test-method status="PASS" signature="initTest()[pri:0, instance:com.stonerisehealthcare.testcases.AboutUs@402f32ff]" name="initTest" is-config="true" duration-ms="4" started-at="2020-04-22T10:06:25Z" finished-at="2020-04-22T10:06:25Z">
          <reporter-output>
          </reporter-output>
        </test-method> <!-- initTest -->
        <test-method status="SKIP" signature="otherserviceslinks(java.util.Hashtable)[pri:0, instance:com.stonerisehealthcare.testcases.AboutUs@402f32ff]" name="otherserviceslinks" duration-ms="1" started-at="2020-04-22T10:06:25Z" data-provider="getData" finished-at="2020-04-22T10:06:25Z">
          <params>
            <param index="0">
              <value>
                <![CDATA[{Runmode=N, Browser=Edge}]]>
              </value>
            </param>
          </params>
          <exception class="org.testng.SkipException">
            <message>
              <![CDATA[Test skipped since rumode is N]]>
            </message>
            <full-stacktrace>
              <![CDATA[org.testng.SkipException: Test skipped since rumode is N
	at com.stonerisehealthcare.testcases.AboutUs.otherserviceslinks(AboutUs.java:28)
	at sun.reflect.NativeMethodAccessorImpl.invoke0(Native Method)
	at sun.reflect.NativeMethodAccessorImpl.invoke(NativeMethodAccessorImpl.java:62)
	at sun.reflect.DelegatingMethodAccessorImpl.invoke(DelegatingMethodAccessorImpl.java:43)
	at java.lang.reflect.Method.invoke(Method.java:483)
	at org.testng.internal.MethodInvocationHelper.invokeMethod(MethodInvocationHelper.java:104)
	at org.testng.internal.Invoker.invokeMethod(Invoker.java:645)
	at org.testng.internal.Invoker.invokeTestMethod(Invoker.java:851)
	at org.testng.internal.Invoker.invokeTestMethods(Invoker.java:1177)
	at org.testng.internal.TestMethodWorker.invokeTestMethods(TestMethodWorker.java:129)
	at org.testng.internal.TestMethodWorker.run(TestMethodWorker.java:112)
	at org.testng.TestRunner.privateRun(TestRunner.java:756)
	at org.testng.TestRunner.run(TestRunner.java:610)
	at org.testng.SuiteRunner.runTest(SuiteRunner.java:387)
	at org.testng.SuiteRunner.runSequentially(SuiteRunner.java:382)
	at org.testng.SuiteRunner.privateRun(SuiteRunner.java:340)
	at org.testng.SuiteRunner.run(SuiteRunner.java:289)
	at org.testng.SuiteRunnerWorker.runSuite(SuiteRunnerWorker.java:52)
	at org.testng.SuiteRunnerWorker.run(SuiteRunnerWorker.java:86)
	at org.testng.TestNG.runSuitesSequentially(TestNG.java:1293)
	at org.testng.TestNG.runSuitesLocally(TestNG.java:1218)
	at org.testng.TestNG.runSuites(TestNG.java:1133)
	at org.testng.TestNG.run(TestNG.java:1104)
	at org.apache.maven.surefire.testng.TestNGExecutor.run(TestNGExecutor.java:283)
	at org.apache.maven.surefire.testng.TestNGXmlTestSuite.execute(TestNGXmlTestSuite.java:75)
	at org.apache.maven.surefire.testng.TestNGProvider.invoke(TestNGProvider.java:120)
	at org.apache.maven.surefire.booter.ForkedBooter.invokeProviderInSameClassLoader(ForkedBooter.java:384)
	at org.apache.maven.surefire.booter.ForkedBooter.runSuitesInProcess(ForkedBooter.java:345)
	at org.apache.maven.surefire.booter.ForkedBooter.execute(ForkedBooter.java:126)
	at org.apache.maven.surefire.booter.ForkedBooter.main(ForkedBooter.java:418)
]]>
            </full-stacktrace>
          </exception> <!-- org.testng.SkipException -->
          <reporter-output>
          </reporter-output>
        </test-method> <!-- otherserviceslinks -->
        <test-method status="PASS" signature="quit()[pri:0, instance:com.stonerisehealthcare.testcases.AboutUs@402f32ff]" name="quit" is-config="true" duration-ms="74" started-at="2020-04-22T10:06:25Z" finished-at="2020-04-22T10:06:25Z">
          <reporter-output>
          </reporter-output>
        </test-method> <!-- quit -->
      </class> <!-- com.stonerisehealthcare.testcases.AboutUs -->
    </test> <!-- AboutUsLinkTest -->
    <test name="ContactLinkTest" duration-ms="30777" started-at="2020-04-22T00:06:25Z" finished-at="2020-04-22T00:06:56Z">
      <class name="com.stonerisehealthcare.testcases.Contact">
        <test-method status="PASS" signature="initialize()[pri:0, instance:com.stonerisehealthcare.testcases.Contact@50c87b21]" name="initialize" is-config="true" duration-ms="1" started-at="2020-04-22T10:06:25Z" finished-at="2020-04-22T10:06:25Z">
          <reporter-output>
          </reporter-output>
        </test-method> <!-- initialize -->
        <test-method status="PASS" signature="otherserviceslinks(java.util.Hashtable)[pri:0, instance:com.stonerisehealthcare.testcases.Contact@50c87b21]" name="otherserviceslinks" duration-ms="16387" started-at="2020-04-22T10:06:25Z" data-provider="getData" finished-at="2020-04-22T10:06:42Z">
          <params>
            <param index="0">
              <value>
                <![CDATA[{Runmode=Y, Browser=chrome}]]>
              </value>
            </param>
          </params>
          <reporter-output>
          </reporter-output>
        </test-method> <!-- otherserviceslinks -->
        <test-method status="PASS" signature="initTest()[pri:0, instance:com.stonerisehealthcare.testcases.Contact@50c87b21]" name="initTest" is-config="true" duration-ms="0" started-at="2020-04-22T10:06:25Z" finished-at="2020-04-22T10:06:25Z">
          <reporter-output>
          </reporter-output>
        </test-method> <!-- initTest -->
        <test-method status="PASS" signature="quit()[pri:0, instance:com.stonerisehealthcare.testcases.Contact@50c87b21]" name="quit" is-config="true" duration-ms="791" started-at="2020-04-22T10:06:42Z" finished-at="2020-04-22T10:06:43Z">
          <reporter-output>
          </reporter-output>
        </test-method> <!-- quit -->
        <test-method status="PASS" signature="otherserviceslinks(java.util.Hashtable)[pri:0, instance:com.stonerisehealthcare.testcases.Contact@50c87b21]" name="otherserviceslinks" duration-ms="12102" started-at="2020-04-22T10:06:43Z" data-provider="getData" finished-at="2020-04-22T10:06:55Z">
          <params>
            <param index="0">
              <value>
                <![CDATA[{Runmode=Y, Browser=firefox}]]>
              </value>
            </param>
          </params>
          <reporter-output>
          </reporter-output>
        </test-method> <!-- otherserviceslinks -->
        <test-method status="PASS" signature="initTest()[pri:0, instance:com.stonerisehealthcare.testcases.Contact@50c87b21]" name="initTest" is-config="true" duration-ms="0" started-at="2020-04-22T10:06:43Z" finished-at="2020-04-22T10:06:43Z">
          <reporter-output>
          </reporter-output>
        </test-method> <!-- initTest -->
        <test-method status="PASS" signature="quit()[pri:0, instance:com.stonerisehealthcare.testcases.Contact@50c87b21]" name="quit" is-config="true" duration-ms="1254" started-at="2020-04-22T10:06:55Z" finished-at="2020-04-22T10:06:56Z">
          <reporter-output>
          </reporter-output>
        </test-method> <!-- quit -->
        <test-method status="PASS" signature="initTest()[pri:0, instance:com.stonerisehealthcare.testcases.Contact@50c87b21]" name="initTest" is-config="true" duration-ms="0" started-at="2020-04-22T10:06:56Z" finished-at="2020-04-22T10:06:56Z">
          <reporter-output>
          </reporter-output>
        </test-method> <!-- initTest -->
        <test-method status="SKIP" signature="otherserviceslinks(java.util.Hashtable)[pri:0, instance:com.stonerisehealthcare.testcases.Contact@50c87b21]" name="otherserviceslinks" duration-ms="1" started-at="2020-04-22T10:06:56Z" data-provider="getData" finished-at="2020-04-22T10:06:56Z">
          <params>
            <param index="0">
              <value>
                <![CDATA[{Runmode=N, Browser=ie}]]>
              </value>
            </param>
          </params>
          <exception class="org.testng.SkipException">
            <message>
              <![CDATA[Test skipped since rumode is N]]>
            </message>
            <full-stacktrace>
              <![CDATA[org.testng.SkipException: Test skipped since rumode is N
	at com.stonerisehealthcare.testcases.Contact.otherserviceslinks(Contact.java:28)
	at sun.reflect.NativeMethodAccessorImpl.invoke0(Native Method)
	at sun.reflect.NativeMethodAccessorImpl.invoke(NativeMethodAccessorImpl.java:62)
	at sun.reflect.DelegatingMethodAccessorImpl.invoke(DelegatingMethodAccessorImpl.java:43)
	at java.lang.reflect.Method.invoke(Method.java:483)
	at org.testng.internal.MethodInvocationHelper.invokeMethod(MethodInvocationHelper.java:104)
	at org.testng.internal.Invoker.invokeMethod(Invoker.java:645)
	at org.testng.internal.Invoker.invokeTestMethod(Invoker.java:851)
	at org.testng.internal.Invoker.invokeTestMethods(Invoker.java:1177)
	at org.testng.internal.TestMethodWorker.invokeTestMethods(TestMethodWorker.java:129)
	at org.testng.internal.TestMethodWorker.run(TestMethodWorker.java:112)
	at org.testng.TestRunner.privateRun(TestRunner.java:756)
	at org.testng.TestRunner.run(TestRunner.java:610)
	at org.testng.SuiteRunner.runTest(SuiteRunner.java:387)
	at org.testng.SuiteRunner.runSequentially(SuiteRunner.java:382)
	at org.testng.SuiteRunner.privateRun(SuiteRunner.java:340)
	at org.testng.SuiteRunner.run(SuiteRunner.java:289)
	at org.testng.SuiteRunnerWorker.runSuite(SuiteRunnerWorker.java:52)
	at org.testng.SuiteRunnerWorker.run(SuiteRunnerWorker.java:86)
	at org.testng.TestNG.runSuitesSequentially(TestNG.java:1293)
	at org.testng.TestNG.runSuitesLocally(TestNG.java:1218)
	at org.testng.TestNG.runSuites(TestNG.java:1133)
	at org.testng.TestNG.run(TestNG.java:1104)
	at org.apache.maven.surefire.testng.TestNGExecutor.run(TestNGExecutor.java:283)
	at org.apache.maven.surefire.testng.TestNGXmlTestSuite.execute(TestNGXmlTestSuite.java:75)
	at org.apache.maven.surefire.testng.TestNGProvider.invoke(TestNGProvider.java:120)
	at org.apache.maven.surefire.booter.ForkedBooter.invokeProviderInSameClassLoader(ForkedBooter.java:384)
	at org.apache.maven.surefire.booter.ForkedBooter.runSuitesInProcess(ForkedBooter.java:345)
	at org.apache.maven.surefire.booter.ForkedBooter.execute(ForkedBooter.java:126)
	at org.apache.maven.surefire.booter.ForkedBooter.main(ForkedBooter.java:418)
]]>
            </full-stacktrace>
          </exception> <!-- org.testng.SkipException -->
          <reporter-output>
          </reporter-output>
        </test-method> <!-- otherserviceslinks -->
        <test-method status="PASS" signature="quit()[pri:0, instance:com.stonerisehealthcare.testcases.Contact@50c87b21]" name="quit" is-config="true" duration-ms="48" started-at="2020-04-22T10:06:56Z" finished-at="2020-04-22T10:06:56Z">
          <reporter-output>
          </reporter-output>
        </test-method> <!-- quit -->
        <test-method status="PASS" signature="initTest()[pri:0, instance:com.stonerisehealthcare.testcases.Contact@50c87b21]" name="initTest" is-config="true" duration-ms="1" started-at="2020-04-22T10:06:56Z" finished-at="2020-04-22T10:06:56Z">
          <reporter-output>
          </reporter-output>
        </test-method> <!-- initTest -->
        <test-method status="SKIP" signature="otherserviceslinks(java.util.Hashtable)[pri:0, instance:com.stonerisehealthcare.testcases.Contact@50c87b21]" name="otherserviceslinks" duration-ms="1" started-at="2020-04-22T10:06:56Z" data-provider="getData" finished-at="2020-04-22T10:06:56Z">
          <params>
            <param index="0">
              <value>
                <![CDATA[{Runmode=N, Browser=Edge}]]>
              </value>
            </param>
          </params>
          <exception class="org.testng.SkipException">
            <message>
              <![CDATA[Test skipped since rumode is N]]>
            </message>
            <full-stacktrace>
              <![CDATA[org.testng.SkipException: Test skipped since rumode is N
	at com.stonerisehealthcare.testcases.Contact.otherserviceslinks(Contact.java:28)
	at sun.reflect.NativeMethodAccessorImpl.invoke0(Native Method)
	at sun.reflect.NativeMethodAccessorImpl.invoke(NativeMethodAccessorImpl.java:62)
	at sun.reflect.DelegatingMethodAccessorImpl.invoke(DelegatingMethodAccessorImpl.java:43)
	at java.lang.reflect.Method.invoke(Method.java:483)
	at org.testng.internal.MethodInvocationHelper.invokeMethod(MethodInvocationHelper.java:104)
	at org.testng.internal.Invoker.invokeMethod(Invoker.java:645)
	at org.testng.internal.Invoker.invokeTestMethod(Invoker.java:851)
	at org.testng.internal.Invoker.invokeTestMethods(Invoker.java:1177)
	at org.testng.internal.TestMethodWorker.invokeTestMethods(TestMethodWorker.java:129)
	at org.testng.internal.TestMethodWorker.run(TestMethodWorker.java:112)
	at org.testng.TestRunner.privateRun(TestRunner.java:756)
	at org.testng.TestRunner.run(TestRunner.java:610)
	at org.testng.SuiteRunner.runTest(SuiteRunner.java:387)
	at org.testng.SuiteRunner.runSequentially(SuiteRunner.java:382)
	at org.testng.SuiteRunner.privateRun(SuiteRunner.java:340)
	at org.testng.SuiteRunner.run(SuiteRunner.java:289)
	at org.testng.SuiteRunnerWorker.runSuite(SuiteRunnerWorker.java:52)
	at org.testng.SuiteRunnerWorker.run(SuiteRunnerWorker.java:86)
	at org.testng.TestNG.runSuitesSequentially(TestNG.java:1293)
	at org.testng.TestNG.runSuitesLocally(TestNG.java:1218)
	at org.testng.TestNG.runSuites(TestNG.java:1133)
	at org.testng.TestNG.run(TestNG.java:1104)
	at org.apache.maven.surefire.testng.TestNGExecutor.run(TestNGExecutor.java:283)
	at org.apache.maven.surefire.testng.TestNGXmlTestSuite.execute(TestNGXmlTestSuite.java:75)
	at org.apache.maven.surefire.testng.TestNGProvider.invoke(TestNGProvider.java:120)
	at org.apache.maven.surefire.booter.ForkedBooter.invokeProviderInSameClassLoader(ForkedBooter.java:384)
	at org.apache.maven.surefire.booter.ForkedBooter.runSuitesInProcess(ForkedBooter.java:345)
	at org.apache.maven.surefire.booter.ForkedBooter.execute(ForkedBooter.java:126)
	at org.apache.maven.surefire.booter.ForkedBooter.main(ForkedBooter.java:418)
]]>
            </full-stacktrace>
          </exception> <!-- org.testng.SkipException -->
          <reporter-output>
          </reporter-output>
        </test-method> <!-- otherserviceslinks -->
        <test-method status="PASS" signature="quit()[pri:0, instance:com.stonerisehealthcare.testcases.Contact@50c87b21]" name="quit" is-config="true" duration-ms="52" started-at="2020-04-22T10:06:56Z" finished-at="2020-04-22T10:06:56Z">
          <reporter-output>
          </reporter-output>
        </test-method> <!-- quit -->
      </class> <!-- com.stonerisehealthcare.testcases.Contact -->
    </test> <!-- ContactLinkTest -->
    <test name="ResourcesLinkTest" duration-ms="262481" started-at="2020-04-22T00:06:56Z" finished-at="2020-04-22T00:11:19Z">
      <class name="com.stonerisehealthcare.testcases.Resources">
        <test-method status="PASS" signature="initialize()[pri:0, instance:com.stonerisehealthcare.testcases.Resources@23ceabc1]" name="initialize" is-config="true" duration-ms="0" started-at="2020-04-22T10:06:56Z" finished-at="2020-04-22T10:06:56Z">
          <reporter-output>
          </reporter-output>
        </test-method> <!-- initialize -->
        <test-method status="PASS" signature="otherserviceslinks(java.util.Hashtable)[pri:0, instance:com.stonerisehealthcare.testcases.Resources@23ceabc1]" name="otherserviceslinks" duration-ms="185907" started-at="2020-04-22T10:06:56Z" data-provider="getData" finished-at="2020-04-22T10:10:02Z">
          <params>
            <param index="0">
              <value>
                <![CDATA[{Runmode=Y, Browser=chrome}]]>
              </value>
            </param>
          </params>
          <reporter-output>
          </reporter-output>
        </test-method> <!-- otherserviceslinks -->
        <test-method status="PASS" signature="initTest()[pri:0, instance:com.stonerisehealthcare.testcases.Resources@23ceabc1]" name="initTest" is-config="true" duration-ms="0" started-at="2020-04-22T10:06:56Z" finished-at="2020-04-22T10:06:56Z">
          <reporter-output>
          </reporter-output>
        </test-method> <!-- initTest -->
        <test-method status="PASS" signature="quit()[pri:0, instance:com.stonerisehealthcare.testcases.Resources@23ceabc1]" name="quit" is-config="true" duration-ms="1198" started-at="2020-04-22T10:10:02Z" finished-at="2020-04-22T10:10:03Z">
          <reporter-output>
          </reporter-output>
        </test-method> <!-- quit -->
        <test-method status="PASS" signature="initTest()[pri:0, instance:com.stonerisehealthcare.testcases.Resources@23ceabc1]" name="initTest" is-config="true" duration-ms="0" started-at="2020-04-22T10:10:03Z" finished-at="2020-04-22T10:10:03Z">
          <reporter-output>
          </reporter-output>
        </test-method> <!-- initTest -->
        <test-method status="PASS" signature="otherserviceslinks(java.util.Hashtable)[pri:0, instance:com.stonerisehealthcare.testcases.Resources@23ceabc1]" name="otherserviceslinks" duration-ms="72636" started-at="2020-04-22T10:10:03Z" data-provider="getData" finished-at="2020-04-22T10:11:16Z">
          <params>
            <param index="0">
              <value>
                <![CDATA[{Runmode=Y, Browser=firefox}]]>
              </value>
            </param>
          </params>
          <reporter-output>
          </reporter-output>
        </test-method> <!-- otherserviceslinks -->
        <test-method status="PASS" signature="quit()[pri:0, instance:com.stonerisehealthcare.testcases.Resources@23ceabc1]" name="quit" is-config="true" duration-ms="2546" started-at="2020-04-22T10:11:16Z" finished-at="2020-04-22T10:11:18Z">
          <reporter-output>
          </reporter-output>
        </test-method> <!-- quit -->
        <test-method status="SKIP" signature="otherserviceslinks(java.util.Hashtable)[pri:0, instance:com.stonerisehealthcare.testcases.Resources@23ceabc1]" name="otherserviceslinks" duration-ms="1" started-at="2020-04-22T10:11:18Z" data-provider="getData" finished-at="2020-04-22T10:11:18Z">
          <params>
            <param index="0">
              <value>
                <![CDATA[{Runmode=N, Browser=ie}]]>
              </value>
            </param>
          </params>
          <exception class="org.testng.SkipException">
            <message>
              <![CDATA[Test skipped since rumode is N]]>
            </message>
            <full-stacktrace>
              <![CDATA[org.testng.SkipException: Test skipped since rumode is N
	at com.stonerisehealthcare.testcases.Resources.otherserviceslinks(Resources.java:28)
	at sun.reflect.NativeMethodAccessorImpl.invoke0(Native Method)
	at sun.reflect.NativeMethodAccessorImpl.invoke(NativeMethodAccessorImpl.java:62)
	at sun.reflect.DelegatingMethodAccessorImpl.invoke(DelegatingMethodAccessorImpl.java:43)
	at java.lang.reflect.Method.invoke(Method.java:483)
	at org.testng.internal.MethodInvocationHelper.invokeMethod(MethodInvocationHelper.java:104)
	at org.testng.internal.Invoker.invokeMethod(Invoker.java:645)
	at org.testng.internal.Invoker.invokeTestMethod(Invoker.java:851)
	at org.testng.internal.Invoker.invokeTestMethods(Invoker.java:1177)
	at org.testng.internal.TestMethodWorker.invokeTestMethods(TestMethodWorker.java:129)
	at org.testng.internal.TestMethodWorker.run(TestMethodWorker.java:112)
	at org.testng.TestRunner.privateRun(TestRunner.java:756)
	at org.testng.TestRunner.run(TestRunner.java:610)
	at org.testng.SuiteRunner.runTest(SuiteRunner.java:387)
	at org.testng.SuiteRunner.runSequentially(SuiteRunner.java:382)
	at org.testng.SuiteRunner.privateRun(SuiteRunner.java:340)
	at org.testng.SuiteRunner.run(SuiteRunner.java:289)
	at org.testng.SuiteRunnerWorker.runSuite(SuiteRunnerWorker.java:52)
	at org.testng.SuiteRunnerWorker.run(SuiteRunnerWorker.java:86)
	at org.testng.TestNG.runSuitesSequentially(TestNG.java:1293)
	at org.testng.TestNG.runSuitesLocally(TestNG.java:1218)
	at org.testng.TestNG.runSuites(TestNG.java:1133)
	at org.testng.TestNG.run(TestNG.java:1104)
	at org.apache.maven.surefire.testng.TestNGExecutor.run(TestNGExecutor.java:283)
	at org.apache.maven.surefire.testng.TestNGXmlTestSuite.execute(TestNGXmlTestSuite.java:75)
	at org.apache.maven.surefire.testng.TestNGProvider.invoke(TestNGProvider.java:120)
	at org.apache.maven.surefire.booter.ForkedBooter.invokeProviderInSameClassLoader(ForkedBooter.java:384)
	at org.apache.maven.surefire.booter.ForkedBooter.runSuitesInProcess(ForkedBooter.java:345)
	at org.apache.maven.surefire.booter.ForkedBooter.execute(ForkedBooter.java:126)
	at org.apache.maven.surefire.booter.ForkedBooter.main(ForkedBooter.java:418)
]]>
            </full-stacktrace>
          </exception> <!-- org.testng.SkipException -->
          <reporter-output>
          </reporter-output>
        </test-method> <!-- otherserviceslinks -->
        <test-method status="PASS" signature="initTest()[pri:0, instance:com.stonerisehealthcare.testcases.Resources@23ceabc1]" name="initTest" is-config="true" duration-ms="0" started-at="2020-04-22T10:11:18Z" finished-at="2020-04-22T10:11:18Z">
          <reporter-output>
          </reporter-output>
        </test-method> <!-- initTest -->
        <test-method status="PASS" signature="quit()[pri:0, instance:com.stonerisehealthcare.testcases.Resources@23ceabc1]" name="quit" is-config="true" duration-ms="48" started-at="2020-04-22T10:11:18Z" finished-at="2020-04-22T10:11:18Z">
          <reporter-output>
          </reporter-output>
        </test-method> <!-- quit -->
        <test-method status="PASS" signature="initTest()[pri:0, instance:com.stonerisehealthcare.testcases.Resources@23ceabc1]" name="initTest" is-config="true" duration-ms="1" started-at="2020-04-22T10:11:18Z" finished-at="2020-04-22T10:11:18Z">
          <reporter-output>
          </reporter-output>
        </test-method> <!-- initTest -->
        <test-method status="SKIP" signature="otherserviceslinks(java.util.Hashtable)[pri:0, instance:com.stonerisehealthcare.testcases.Resources@23ceabc1]" name="otherserviceslinks" duration-ms="0" started-at="2020-04-22T10:11:18Z" data-provider="getData" finished-at="2020-04-22T10:11:18Z">
          <params>
            <param index="0">
              <value>
                <![CDATA[{Runmode=N, Browser=Edge}]]>
              </value>
            </param>
          </params>
          <exception class="org.testng.SkipException">
            <message>
              <![CDATA[Test skipped since rumode is N]]>
            </message>
            <full-stacktrace>
              <![CDATA[org.testng.SkipException: Test skipped since rumode is N
	at com.stonerisehealthcare.testcases.Resources.otherserviceslinks(Resources.java:28)
	at sun.reflect.NativeMethodAccessorImpl.invoke0(Native Method)
	at sun.reflect.NativeMethodAccessorImpl.invoke(NativeMethodAccessorImpl.java:62)
	at sun.reflect.DelegatingMethodAccessorImpl.invoke(DelegatingMethodAccessorImpl.java:43)
	at java.lang.reflect.Method.invoke(Method.java:483)
	at org.testng.internal.MethodInvocationHelper.invokeMethod(MethodInvocationHelper.java:104)
	at org.testng.internal.Invoker.invokeMethod(Invoker.java:645)
	at org.testng.internal.Invoker.invokeTestMethod(Invoker.java:851)
	at org.testng.internal.Invoker.invokeTestMethods(Invoker.java:1177)
	at org.testng.internal.TestMethodWorker.invokeTestMethods(TestMethodWorker.java:129)
	at org.testng.internal.TestMethodWorker.run(TestMethodWorker.java:112)
	at org.testng.TestRunner.privateRun(TestRunner.java:756)
	at org.testng.TestRunner.run(TestRunner.java:610)
	at org.testng.SuiteRunner.runTest(SuiteRunner.java:387)
	at org.testng.SuiteRunner.runSequentially(SuiteRunner.java:382)
	at org.testng.SuiteRunner.privateRun(SuiteRunner.java:340)
	at org.testng.SuiteRunner.run(SuiteRunner.java:289)
	at org.testng.SuiteRunnerWorker.runSuite(SuiteRunnerWorker.java:52)
	at org.testng.SuiteRunnerWorker.run(SuiteRunnerWorker.java:86)
	at org.testng.TestNG.runSuitesSequentially(TestNG.java:1293)
	at org.testng.TestNG.runSuitesLocally(TestNG.java:1218)
	at org.testng.TestNG.runSuites(TestNG.java:1133)
	at org.testng.TestNG.run(TestNG.java:1104)
	at org.apache.maven.surefire.testng.TestNGExecutor.run(TestNGExecutor.java:283)
	at org.apache.maven.surefire.testng.TestNGXmlTestSuite.execute(TestNGXmlTestSuite.java:75)
	at org.apache.maven.surefire.testng.TestNGProvider.invoke(TestNGProvider.java:120)
	at org.apache.maven.surefire.booter.ForkedBooter.invokeProviderInSameClassLoader(ForkedBooter.java:384)
	at org.apache.maven.surefire.booter.ForkedBooter.runSuitesInProcess(ForkedBooter.java:345)
	at org.apache.maven.surefire.booter.ForkedBooter.execute(ForkedBooter.java:126)
	at org.apache.maven.surefire.booter.ForkedBooter.main(ForkedBooter.java:418)
]]>
            </full-stacktrace>
          </exception> <!-- org.testng.SkipException -->
          <reporter-output>
          </reporter-output>
        </test-method> <!-- otherserviceslinks -->
        <test-method status="PASS" signature="quit()[pri:0, instance:com.stonerisehealthcare.testcases.Resources@23ceabc1]" name="quit" is-config="true" duration-ms="56" started-at="2020-04-22T10:11:18Z" finished-at="2020-04-22T10:11:19Z">
          <reporter-output>
          </reporter-output>
        </test-method> <!-- quit -->
      </class> <!-- com.stonerisehealthcare.testcases.Resources -->
    </test> <!-- ResourcesLinkTest -->
    <test name="OtherServicesLinksTest" duration-ms="57209" started-at="2020-04-22T00:11:19Z" finished-at="2020-04-22T00:12:16Z">
      <class name="com.stonerisehealthcare.testcases.OtherServicesLinksTest">
        <test-method status="PASS" signature="initialize()[pri:0, instance:com.stonerisehealthcare.testcases.OtherServicesLinksTest@2ef5e5e3]" name="initialize" is-config="true" duration-ms="1" started-at="2020-04-22T10:11:19Z" finished-at="2020-04-22T10:11:19Z">
          <reporter-output>
          </reporter-output>
        </test-method> <!-- initialize -->
        <test-method status="PASS" signature="initTest()[pri:0, instance:com.stonerisehealthcare.testcases.OtherServicesLinksTest@2ef5e5e3]" name="initTest" is-config="true" duration-ms="1" started-at="2020-04-22T10:11:19Z" finished-at="2020-04-22T10:11:19Z">
          <reporter-output>
          </reporter-output>
        </test-method> <!-- initTest -->
        <test-method status="PASS" signature="otherserviceslinks(java.util.Hashtable)[pri:0, instance:com.stonerisehealthcare.testcases.OtherServicesLinksTest@2ef5e5e3]" name="otherserviceslinks" duration-ms="30994" started-at="2020-04-22T10:11:19Z" data-provider="getData" finished-at="2020-04-22T10:11:50Z">
          <params>
            <param index="0">
              <value>
                <![CDATA[{Runmode=Y, Browser=chrome}]]>
              </value>
            </param>
          </params>
          <reporter-output>
          </reporter-output>
        </test-method> <!-- otherserviceslinks -->
        <test-method status="PASS" signature="quit()[pri:0, instance:com.stonerisehealthcare.testcases.OtherServicesLinksTest@2ef5e5e3]" name="quit" is-config="true" duration-ms="802" started-at="2020-04-22T10:11:50Z" finished-at="2020-04-22T10:11:50Z">
          <reporter-output>
          </reporter-output>
        </test-method> <!-- quit -->
        <test-method status="PASS" signature="otherserviceslinks(java.util.Hashtable)[pri:0, instance:com.stonerisehealthcare.testcases.OtherServicesLinksTest@2ef5e5e3]" name="otherserviceslinks" duration-ms="23911" started-at="2020-04-22T10:11:50Z" data-provider="getData" finished-at="2020-04-22T10:12:14Z">
          <params>
            <param index="0">
              <value>
                <![CDATA[{Runmode=Y, Browser=firefox}]]>
              </value>
            </param>
          </params>
          <reporter-output>
          </reporter-output>
        </test-method> <!-- otherserviceslinks -->
        <test-method status="PASS" signature="initTest()[pri:0, instance:com.stonerisehealthcare.testcases.OtherServicesLinksTest@2ef5e5e3]" name="initTest" is-config="true" duration-ms="0" started-at="2020-04-22T10:11:50Z" finished-at="2020-04-22T10:11:50Z">
          <reporter-output>
          </reporter-output>
        </test-method> <!-- initTest -->
        <test-method status="PASS" signature="quit()[pri:0, instance:com.stonerisehealthcare.testcases.OtherServicesLinksTest@2ef5e5e3]" name="quit" is-config="true" duration-ms="1300" started-at="2020-04-22T10:12:14Z" finished-at="2020-04-22T10:12:16Z">
          <reporter-output>
          </reporter-output>
        </test-method> <!-- quit -->
        <test-method status="PASS" signature="initTest()[pri:0, instance:com.stonerisehealthcare.testcases.OtherServicesLinksTest@2ef5e5e3]" name="initTest" is-config="true" duration-ms="1" started-at="2020-04-22T10:12:16Z" finished-at="2020-04-22T10:12:16Z">
          <reporter-output>
          </reporter-output>
        </test-method> <!-- initTest -->
        <test-method status="SKIP" signature="otherserviceslinks(java.util.Hashtable)[pri:0, instance:com.stonerisehealthcare.testcases.OtherServicesLinksTest@2ef5e5e3]" name="otherserviceslinks" duration-ms="1" started-at="2020-04-22T10:12:16Z" data-provider="getData" finished-at="2020-04-22T10:12:16Z">
          <params>
            <param index="0">
              <value>
                <![CDATA[{Runmode=N, Browser=ie}]]>
              </value>
            </param>
          </params>
          <exception class="org.testng.SkipException">
            <message>
              <![CDATA[Test skipped since rumode is N]]>
            </message>
            <full-stacktrace>
              <![CDATA[org.testng.SkipException: Test skipped since rumode is N
	at com.stonerisehealthcare.testcases.OtherServicesLinksTest.otherserviceslinks(OtherServicesLinksTest.java:27)
	at sun.reflect.NativeMethodAccessorImpl.invoke0(Native Method)
	at sun.reflect.NativeMethodAccessorImpl.invoke(NativeMethodAccessorImpl.java:62)
	at sun.reflect.DelegatingMethodAccessorImpl.invoke(DelegatingMethodAccessorImpl.java:43)
	at java.lang.reflect.Method.invoke(Method.java:483)
	at org.testng.internal.MethodInvocationHelper.invokeMethod(MethodInvocationHelper.java:104)
	at org.testng.internal.Invoker.invokeMethod(Invoker.java:645)
	at org.testng.internal.Invoker.invokeTestMethod(Invoker.java:851)
	at org.testng.internal.Invoker.invokeTestMethods(Invoker.java:1177)
	at org.testng.internal.TestMethodWorker.invokeTestMethods(TestMethodWorker.java:129)
	at org.testng.internal.TestMethodWorker.run(TestMethodWorker.java:112)
	at org.testng.TestRunner.privateRun(TestRunner.java:756)
	at org.testng.TestRunner.run(TestRunner.java:610)
	at org.testng.SuiteRunner.runTest(SuiteRunner.java:387)
	at org.testng.SuiteRunner.runSequentially(SuiteRunner.java:382)
	at org.testng.SuiteRunner.privateRun(SuiteRunner.java:340)
	at org.testng.SuiteRunner.run(SuiteRunner.java:289)
	at org.testng.SuiteRunnerWorker.runSuite(SuiteRunnerWorker.java:52)
	at org.testng.SuiteRunnerWorker.run(SuiteRunnerWorker.java:86)
	at org.testng.TestNG.runSuitesSequentially(TestNG.java:1293)
	at org.testng.TestNG.runSuitesLocally(TestNG.java:1218)
	at org.testng.TestNG.runSuites(TestNG.java:1133)
	at org.testng.TestNG.run(TestNG.java:1104)
	at org.apache.maven.surefire.testng.TestNGExecutor.run(TestNGExecutor.java:283)
	at org.apache.maven.surefire.testng.TestNGXmlTestSuite.execute(TestNGXmlTestSuite.java:75)
	at org.apache.maven.surefire.testng.TestNGProvider.invoke(TestNGProvider.java:120)
	at org.apache.maven.surefire.booter.ForkedBooter.invokeProviderInSameClassLoader(ForkedBooter.java:384)
	at org.apache.maven.surefire.booter.ForkedBooter.runSuitesInProcess(ForkedBooter.java:345)
	at org.apache.maven.surefire.booter.ForkedBooter.execute(ForkedBooter.java:126)
	at org.apache.maven.surefire.booter.ForkedBooter.main(ForkedBooter.java:418)
]]>
            </full-stacktrace>
          </exception> <!-- org.testng.SkipException -->
          <reporter-output>
          </reporter-output>
        </test-method> <!-- otherserviceslinks -->
        <test-method status="PASS" signature="quit()[pri:0, instance:com.stonerisehealthcare.testcases.OtherServicesLinksTest@2ef5e5e3]" name="quit" is-config="true" duration-ms="73" started-at="2020-04-22T10:12:16Z" finished-at="2020-04-22T10:12:16Z">
          <reporter-output>
          </reporter-output>
        </test-method> <!-- quit -->
        <test-method status="SKIP" signature="otherserviceslinks(java.util.Hashtable)[pri:0, instance:com.stonerisehealthcare.testcases.OtherServicesLinksTest@2ef5e5e3]" name="otherserviceslinks" duration-ms="1" started-at="2020-04-22T10:12:16Z" data-provider="getData" finished-at="2020-04-22T10:12:16Z">
          <params>
            <param index="0">
              <value>
                <![CDATA[{Runmode=N, Browser=Edge}]]>
              </value>
            </param>
          </params>
          <exception class="org.testng.SkipException">
            <message>
              <![CDATA[Test skipped since rumode is N]]>
            </message>
            <full-stacktrace>
              <![CDATA[org.testng.SkipException: Test skipped since rumode is N
	at com.stonerisehealthcare.testcases.OtherServicesLinksTest.otherserviceslinks(OtherServicesLinksTest.java:27)
	at sun.reflect.NativeMethodAccessorImpl.invoke0(Native Method)
	at sun.reflect.NativeMethodAccessorImpl.invoke(NativeMethodAccessorImpl.java:62)
	at sun.reflect.DelegatingMethodAccessorImpl.invoke(DelegatingMethodAccessorImpl.java:43)
	at java.lang.reflect.Method.invoke(Method.java:483)
	at org.testng.internal.MethodInvocationHelper.invokeMethod(MethodInvocationHelper.java:104)
	at org.testng.internal.Invoker.invokeMethod(Invoker.java:645)
	at org.testng.internal.Invoker.invokeTestMethod(Invoker.java:851)
	at org.testng.internal.Invoker.invokeTestMethods(Invoker.java:1177)
	at org.testng.internal.TestMethodWorker.invokeTestMethods(TestMethodWorker.java:129)
	at org.testng.internal.TestMethodWorker.run(TestMethodWorker.java:112)
	at org.testng.TestRunner.privateRun(TestRunner.java:756)
	at org.testng.TestRunner.run(TestRunner.java:610)
	at org.testng.SuiteRunner.runTest(SuiteRunner.java:387)
	at org.testng.SuiteRunner.runSequentially(SuiteRunner.java:382)
	at org.testng.SuiteRunner.privateRun(SuiteRunner.java:340)
	at org.testng.SuiteRunner.run(SuiteRunner.java:289)
	at org.testng.SuiteRunnerWorker.runSuite(SuiteRunnerWorker.java:52)
	at org.testng.SuiteRunnerWorker.run(SuiteRunnerWorker.java:86)
	at org.testng.TestNG.runSuitesSequentially(TestNG.java:1293)
	at org.testng.TestNG.runSuitesLocally(TestNG.java:1218)
	at org.testng.TestNG.runSuites(TestNG.java:1133)
	at org.testng.TestNG.run(TestNG.java:1104)
	at org.apache.maven.surefire.testng.TestNGExecutor.run(TestNGExecutor.java:283)
	at org.apache.maven.surefire.testng.TestNGXmlTestSuite.execute(TestNGXmlTestSuite.java:75)
	at org.apache.maven.surefire.testng.TestNGProvider.invoke(TestNGProvider.java:120)
	at org.apache.maven.surefire.booter.ForkedBooter.invokeProviderInSameClassLoader(ForkedBooter.java:384)
	at org.apache.maven.surefire.booter.ForkedBooter.runSuitesInProcess(ForkedBooter.java:345)
	at org.apache.maven.surefire.booter.ForkedBooter.execute(ForkedBooter.java:126)
	at org.apache.maven.surefire.booter.ForkedBooter.main(ForkedBooter.java:418)
]]>
            </full-stacktrace>
          </exception> <!-- org.testng.SkipException -->
          <reporter-output>
          </reporter-output>
        </test-method> <!-- otherserviceslinks -->
        <test-method status="PASS" signature="initTest()[pri:0, instance:com.stonerisehealthcare.testcases.OtherServicesLinksTest@2ef5e5e3]" name="initTest" is-config="true" duration-ms="0" started-at="2020-04-22T10:12:16Z" finished-at="2020-04-22T10:12:16Z">
          <reporter-output>
          </reporter-output>
        </test-method> <!-- initTest -->
        <test-method status="PASS" signature="quit()[pri:0, instance:com.stonerisehealthcare.testcases.OtherServicesLinksTest@2ef5e5e3]" name="quit" is-config="true" duration-ms="66" started-at="2020-04-22T10:12:16Z" finished-at="2020-04-22T10:12:16Z">
          <reporter-output>
          </reporter-output>
        </test-method> <!-- quit -->
      </class> <!-- com.stonerisehealthcare.testcases.OtherServicesLinksTest -->
    </test> <!-- OtherServicesLinksTest -->
    <test name="ContactAndConnectLinksTest" duration-ms="89877" started-at="2020-04-22T00:12:16Z" finished-at="2020-04-22T00:13:46Z">
      <class name="com.stonerisehealthcare.testcases.ContactAndConnectLinksTest">
        <test-method status="PASS" signature="initialize()[pri:0, instance:com.stonerisehealthcare.testcases.ContactAndConnectLinksTest@7f9a81e8]" name="initialize" is-config="true" duration-ms="1" started-at="2020-04-22T10:12:16Z" finished-at="2020-04-22T10:12:16Z">
          <reporter-output>
          </reporter-output>
        </test-method> <!-- initialize -->
        <test-method status="PASS" signature="initTest()[pri:0, instance:com.stonerisehealthcare.testcases.ContactAndConnectLinksTest@7f9a81e8]" name="initTest" is-config="true" duration-ms="1" started-at="2020-04-22T10:12:16Z" finished-at="2020-04-22T10:12:16Z">
          <reporter-output>
          </reporter-output>
        </test-method> <!-- initTest -->
        <test-method status="PASS" signature="otherserviceslinks(java.util.Hashtable)[pri:0, instance:com.stonerisehealthcare.testcases.ContactAndConnectLinksTest@7f9a81e8]" name="otherserviceslinks" duration-ms="38340" started-at="2020-04-22T10:12:16Z" data-provider="getData" finished-at="2020-04-22T10:12:54Z">
          <params>
            <param index="0">
              <value>
                <![CDATA[{Runmode=Y, Browser=chrome}]]>
              </value>
            </param>
          </params>
          <reporter-output>
          </reporter-output>
        </test-method> <!-- otherserviceslinks -->
        <test-method status="PASS" signature="quit()[pri:0, instance:com.stonerisehealthcare.testcases.ContactAndConnectLinksTest@7f9a81e8]" name="quit" is-config="true" duration-ms="875" started-at="2020-04-22T10:12:54Z" finished-at="2020-04-22T10:12:55Z">
          <reporter-output>
          </reporter-output>
        </test-method> <!-- quit -->
        <test-method status="PASS" signature="otherserviceslinks(java.util.Hashtable)[pri:0, instance:com.stonerisehealthcare.testcases.ContactAndConnectLinksTest@7f9a81e8]" name="otherserviceslinks" duration-ms="39192" started-at="2020-04-22T10:12:55Z" data-provider="getData" finished-at="2020-04-22T10:13:34Z">
          <params>
            <param index="0">
              <value>
                <![CDATA[{Runmode=Y, Browser=firefox}]]>
              </value>
            </param>
          </params>
          <reporter-output>
          </reporter-output>
        </test-method> <!-- otherserviceslinks -->
        <test-method status="PASS" signature="initTest()[pri:0, instance:com.stonerisehealthcare.testcases.ContactAndConnectLinksTest@7f9a81e8]" name="initTest" is-config="true" duration-ms="0" started-at="2020-04-22T10:12:55Z" finished-at="2020-04-22T10:12:55Z">
          <reporter-output>
          </reporter-output>
        </test-method> <!-- initTest -->
        <test-method status="PASS" signature="quit()[pri:0, instance:com.stonerisehealthcare.testcases.ContactAndConnectLinksTest@7f9a81e8]" name="quit" is-config="true" duration-ms="11332" started-at="2020-04-22T10:13:34Z" finished-at="2020-04-22T10:13:46Z">
          <reporter-output>
          </reporter-output>
        </test-method> <!-- quit -->
        <test-method status="SKIP" signature="otherserviceslinks(java.util.Hashtable)[pri:0, instance:com.stonerisehealthcare.testcases.ContactAndConnectLinksTest@7f9a81e8]" name="otherserviceslinks" duration-ms="1" started-at="2020-04-22T10:13:46Z" data-provider="getData" finished-at="2020-04-22T10:13:46Z">
          <params>
            <param index="0">
              <value>
                <![CDATA[{Runmode=N, Browser=ie}]]>
              </value>
            </param>
          </params>
          <exception class="org.testng.SkipException">
            <message>
              <![CDATA[Test skipped since rumode is N]]>
            </message>
            <full-stacktrace>
              <![CDATA[org.testng.SkipException: Test skipped since rumode is N
	at com.stonerisehealthcare.testcases.ContactAndConnectLinksTest.otherserviceslinks(ContactAndConnectLinksTest.java:28)
	at sun.reflect.NativeMethodAccessorImpl.invoke0(Native Method)
	at sun.reflect.NativeMethodAccessorImpl.invoke(NativeMethodAccessorImpl.java:62)
	at sun.reflect.DelegatingMethodAccessorImpl.invoke(DelegatingMethodAccessorImpl.java:43)
	at java.lang.reflect.Method.invoke(Method.java:483)
	at org.testng.internal.MethodInvocationHelper.invokeMethod(MethodInvocationHelper.java:104)
	at org.testng.internal.Invoker.invokeMethod(Invoker.java:645)
	at org.testng.internal.Invoker.invokeTestMethod(Invoker.java:851)
	at org.testng.internal.Invoker.invokeTestMethods(Invoker.java:1177)
	at org.testng.internal.TestMethodWorker.invokeTestMethods(TestMethodWorker.java:129)
	at org.testng.internal.TestMethodWorker.run(TestMethodWorker.java:112)
	at org.testng.TestRunner.privateRun(TestRunner.java:756)
	at org.testng.TestRunner.run(TestRunner.java:610)
	at org.testng.SuiteRunner.runTest(SuiteRunner.java:387)
	at org.testng.SuiteRunner.runSequentially(SuiteRunner.java:382)
	at org.testng.SuiteRunner.privateRun(SuiteRunner.java:340)
	at org.testng.SuiteRunner.run(SuiteRunner.java:289)
	at org.testng.SuiteRunnerWorker.runSuite(SuiteRunnerWorker.java:52)
	at org.testng.SuiteRunnerWorker.run(SuiteRunnerWorker.java:86)
	at org.testng.TestNG.runSuitesSequentially(TestNG.java:1293)
	at org.testng.TestNG.runSuitesLocally(TestNG.java:1218)
	at org.testng.TestNG.runSuites(TestNG.java:1133)
	at org.testng.TestNG.run(TestNG.java:1104)
	at org.apache.maven.surefire.testng.TestNGExecutor.run(TestNGExecutor.java:283)
	at org.apache.maven.surefire.testng.TestNGXmlTestSuite.execute(TestNGXmlTestSuite.java:75)
	at org.apache.maven.surefire.testng.TestNGProvider.invoke(TestNGProvider.java:120)
	at org.apache.maven.surefire.booter.ForkedBooter.invokeProviderInSameClassLoader(ForkedBooter.java:384)
	at org.apache.maven.surefire.booter.ForkedBooter.runSuitesInProcess(ForkedBooter.java:345)
	at org.apache.maven.surefire.booter.ForkedBooter.execute(ForkedBooter.java:126)
	at org.apache.maven.surefire.booter.ForkedBooter.main(ForkedBooter.java:418)
]]>
            </full-stacktrace>
          </exception> <!-- org.testng.SkipException -->
          <reporter-output>
          </reporter-output>
        </test-method> <!-- otherserviceslinks -->
        <test-method status="PASS" signature="initTest()[pri:0, instance:com.stonerisehealthcare.testcases.ContactAndConnectLinksTest@7f9a81e8]" name="initTest" is-config="true" duration-ms="0" started-at="2020-04-22T10:13:46Z" finished-at="2020-04-22T10:13:46Z">
          <reporter-output>
          </reporter-output>
        </test-method> <!-- initTest -->
        <test-method status="PASS" signature="quit()[pri:0, instance:com.stonerisehealthcare.testcases.ContactAndConnectLinksTest@7f9a81e8]" name="quit" is-config="true" duration-ms="35" started-at="2020-04-22T10:13:46Z" finished-at="2020-04-22T10:13:46Z">
          <reporter-output>
          </reporter-output>
        </test-method> <!-- quit -->
        <test-method status="PASS" signature="initTest()[pri:0, instance:com.stonerisehealthcare.testcases.ContactAndConnectLinksTest@7f9a81e8]" name="initTest" is-config="true" duration-ms="1" started-at="2020-04-22T10:13:46Z" finished-at="2020-04-22T10:13:46Z">
          <reporter-output>
          </reporter-output>
        </test-method> <!-- initTest -->
        <test-method status="SKIP" signature="otherserviceslinks(java.util.Hashtable)[pri:0, instance:com.stonerisehealthcare.testcases.ContactAndConnectLinksTest@7f9a81e8]" name="otherserviceslinks" duration-ms="1" started-at="2020-04-22T10:13:46Z" data-provider="getData" finished-at="2020-04-22T10:13:46Z">
          <params>
            <param index="0">
              <value>
                <![CDATA[{Runmode=N, Browser=Edge}]]>
              </value>
            </param>
          </params>
          <exception class="org.testng.SkipException">
            <message>
              <![CDATA[Test skipped since rumode is N]]>
            </message>
            <full-stacktrace>
              <![CDATA[org.testng.SkipException: Test skipped since rumode is N
	at com.stonerisehealthcare.testcases.ContactAndConnectLinksTest.otherserviceslinks(ContactAndConnectLinksTest.java:28)
	at sun.reflect.NativeMethodAccessorImpl.invoke0(Native Method)
	at sun.reflect.NativeMethodAccessorImpl.invoke(NativeMethodAccessorImpl.java:62)
	at sun.reflect.DelegatingMethodAccessorImpl.invoke(DelegatingMethodAccessorImpl.java:43)
	at java.lang.reflect.Method.invoke(Method.java:483)
	at org.testng.internal.MethodInvocationHelper.invokeMethod(MethodInvocationHelper.java:104)
	at org.testng.internal.Invoker.invokeMethod(Invoker.java:645)
	at org.testng.internal.Invoker.invokeTestMethod(Invoker.java:851)
	at org.testng.internal.Invoker.invokeTestMethods(Invoker.java:1177)
	at org.testng.internal.TestMethodWorker.invokeTestMethods(TestMethodWorker.java:129)
	at org.testng.internal.TestMethodWorker.run(TestMethodWorker.java:112)
	at org.testng.TestRunner.privateRun(TestRunner.java:756)
	at org.testng.TestRunner.run(TestRunner.java:610)
	at org.testng.SuiteRunner.runTest(SuiteRunner.java:387)
	at org.testng.SuiteRunner.runSequentially(SuiteRunner.java:382)
	at org.testng.SuiteRunner.privateRun(SuiteRunner.java:340)
	at org.testng.SuiteRunner.run(SuiteRunner.java:289)
	at org.testng.SuiteRunnerWorker.runSuite(SuiteRunnerWorker.java:52)
	at org.testng.SuiteRunnerWorker.run(SuiteRunnerWorker.java:86)
	at org.testng.TestNG.runSuitesSequentially(TestNG.java:1293)
	at org.testng.TestNG.runSuitesLocally(TestNG.java:1218)
	at org.testng.TestNG.runSuites(TestNG.java:1133)
	at org.testng.TestNG.run(TestNG.java:1104)
	at org.apache.maven.surefire.testng.TestNGExecutor.run(TestNGExecutor.java:283)
	at org.apache.maven.surefire.testng.TestNGXmlTestSuite.execute(TestNGXmlTestSuite.java:75)
	at org.apache.maven.surefire.testng.TestNGProvider.invoke(TestNGProvider.java:120)
	at org.apache.maven.surefire.booter.ForkedBooter.invokeProviderInSameClassLoader(ForkedBooter.java:384)
	at org.apache.maven.surefire.booter.ForkedBooter.runSuitesInProcess(ForkedBooter.java:345)
	at org.apache.maven.surefire.booter.ForkedBooter.execute(ForkedBooter.java:126)
	at org.apache.maven.surefire.booter.ForkedBooter.main(ForkedBooter.java:418)
]]>
            </full-stacktrace>
          </exception> <!-- org.testng.SkipException -->
          <reporter-output>
          </reporter-output>
        </test-method> <!-- otherserviceslinks -->
        <test-method status="PASS" signature="quit()[pri:0, instance:com.stonerisehealthcare.testcases.ContactAndConnectLinksTest@7f9a81e8]" name="quit" is-config="true" duration-ms="44" started-at="2020-04-22T10:13:46Z" finished-at="2020-04-22T10:13:46Z">
          <reporter-output>
          </reporter-output>
        </test-method> <!-- quit -->
      </class> <!-- com.stonerisehealthcare.testcases.ContactAndConnectLinksTest -->
    </test> <!-- ContactAndConnectLinksTest -->
  </suite> <!-- Suite -->
</testng-results>
